[INFO ] 2025-02-22 17:44:32.157 [Main] AutoDriveEditor - Starting AutoDrive Editor v1.0.8 .....
[INFO ] 2025-02-22 17:44:32.158 [Main] AutoDriveEditor - Using Java Runtime Version 17
[INFO ] 2025-02-22 17:44:32.164 [Main] AutoDriveEditor - 'AutoDriveEditor_en_US.properties' loaded
[WARN ] 2025-02-22 17:44:32.236 [Main] AutoDriveEditor - Editor config not found, using defaults. A new config will be saved on exit
[INFO ] 2025-02-22 17:44:32.237 [Main] AutoDriveEditor - Toolbar Location set to - Left
[INFO ] 2025-02-22 17:44:32.238 [Main] AutoDriveEditor - Initializing ButtonManager
[INFO ] 2025-02-22 17:44:32.278 [ConnectionDraw Thread] AutoDriveEditor - Starting ConnectionDraw Thread
[INFO ] 2025-02-22 17:44:32.278 [Main] AutoDriveEditor - Initializing CopyPaste Manager
[INFO ] 2025-02-22 17:44:32.278 [NodeDraw Thread] AutoDriveEditor - Starting NodeDraw thread
[INFO ] 2025-02-22 17:44:32.280 [Main] AutoDriveEditor - Starting AutoSave Thread
[INFO ] 2025-02-22 17:44:32.281 [Main] AutoDriveEditor - Started AutoSave Thread ( Interval in Minutes 10 , Max Slots 10 )
[INFO ] 2025-02-22 17:44:32.656 [Main] AutoDriveEditor - Invalid saved window Location/Size
[INFO ] 2025-02-22 17:44:32.771 [Main] AutoDriveEditor - Connecting to GitHub for update check
[INFO ] 2025-02-22 17:44:33.459 [Main] AutoDriveEditor - Update is available... remote version 1.0.9 is higher than local version 1.0.8
[INFO ] 2025-02-22 17:44:47.948 [Main] AutoDriveEditor - Stopping ConnectionDraw Thread
[INFO ] 2025-02-22 17:44:47.948 [Main] AutoDriveEditor - Stopping NodeDraw thread
[INFO ] 2025-02-22 17:44:47.948 [ConnectionDraw Thread] AutoDriveEditor - ConnectionDraw Thread exiting
[INFO ] 2025-02-22 17:44:47.948 [NodeDraw Thread] AutoDriveEditor - NodeDraw Thread exiting
[INFO ] 2025-02-22 17:44:47.948 [Main] AutoDriveEditor - AutoSave Timer Thread exiting
[INFO ] 2025-02-22 17:44:47.979 [Main] AutoDriveEditor - Completed saving Editor Config
[INFO ] 2025-02-22 18:14:20.870 [Main] AutoDriveEditor - Starting AutoDrive Editor v1.0.8 .....
[INFO ] 2025-02-22 18:14:20.873 [Main] AutoDriveEditor - Using Java Runtime Version 17
[INFO ] 2025-02-22 18:14:20.878 [Main] AutoDriveEditor - 'AutoDriveEditor_en_US.properties' loaded
[INFO ] 2025-02-22 18:14:20.950 [Main] AutoDriveEditor - Checking for <RecentFiles> key in EditorConfig.xml
[INFO ] 2025-02-22 18:14:20.950 [Main] AutoDriveEditor - No <RecentFiles> key found
[INFO ] 2025-02-22 18:14:20.950 [Main] AutoDriveEditor - Checking for depreciated <mapzoomfactors> key in EditorConfig.xml
[INFO ] 2025-02-22 18:14:20.951 [Main] AutoDriveEditor - Toolbar Location set to - Left
[INFO ] 2025-02-22 18:14:20.952 [Main] AutoDriveEditor - Initializing ButtonManager
[INFO ] 2025-02-22 18:14:20.983 [ConnectionDraw Thread] AutoDriveEditor - Starting ConnectionDraw Thread
[INFO ] 2025-02-22 18:14:20.984 [Main] AutoDriveEditor - Initializing CopyPaste Manager
[INFO ] 2025-02-22 18:14:20.984 [NodeDraw Thread] AutoDriveEditor - Starting NodeDraw thread
[INFO ] 2025-02-22 18:14:20.985 [Main] AutoDriveEditor - Starting AutoSave Thread
[INFO ] 2025-02-22 18:14:20.986 [Main] AutoDriveEditor - Started AutoSave Thread ( Interval in Minutes 10 , Max Slots 10 )
[INFO ] 2025-02-22 18:14:21.487 [Main] AutoDriveEditor - Connecting to GitHub for update check
[INFO ] 2025-02-22 18:14:36.039 [Main] AutoDriveEditor - Stopping ConnectionDraw Thread
[INFO ] 2025-02-22 18:14:36.039 [Main] AutoDriveEditor - Stopping NodeDraw thread
[INFO ] 2025-02-22 18:14:36.039 [ConnectionDraw Thread] AutoDriveEditor - ConnectionDraw Thread exiting
[INFO ] 2025-02-22 18:14:36.039 [NodeDraw Thread] AutoDriveEditor - NodeDraw Thread exiting
[INFO ] 2025-02-22 18:14:36.039 [Main] AutoDriveEditor - AutoSave Timer Thread exiting
[INFO ] 2025-02-22 18:14:36.071 [Main] AutoDriveEditor - Completed saving Editor Config
[INFO ] 2025-02-22 18:15:42.047 [Main] AutoDriveEditor - Starting AutoDrive Editor v1.0.8 .....
[INFO ] 2025-02-22 18:15:42.048 [Main] AutoDriveEditor - Using Java Runtime Version 17
[INFO ] 2025-02-22 18:15:42.054 [Main] AutoDriveEditor - 'AutoDriveEditor_en_US.properties' loaded
[INFO ] 2025-02-22 18:15:42.125 [Main] AutoDriveEditor - Checking for <RecentFiles> key in EditorConfig.xml
[INFO ] 2025-02-22 18:15:42.125 [Main] AutoDriveEditor - No <RecentFiles> key found
[INFO ] 2025-02-22 18:15:42.125 [Main] AutoDriveEditor - Checking for depreciated <mapzoomfactors> key in EditorConfig.xml
[INFO ] 2025-02-22 18:15:42.126 [Main] AutoDriveEditor - Toolbar Location set to - Left
[INFO ] 2025-02-22 18:15:42.127 [Main] AutoDriveEditor - Initializing ButtonManager
[INFO ] 2025-02-22 18:15:42.153 [ConnectionDraw Thread] AutoDriveEditor - Starting ConnectionDraw Thread
[INFO ] 2025-02-22 18:15:42.154 [Main] AutoDriveEditor - Initializing CopyPaste Manager
[INFO ] 2025-02-22 18:15:42.154 [NodeDraw Thread] AutoDriveEditor - Starting NodeDraw thread
[INFO ] 2025-02-22 18:15:42.154 [Main] AutoDriveEditor - Starting AutoSave Thread
[INFO ] 2025-02-22 18:15:42.156 [Main] AutoDriveEditor - Started AutoSave Thread ( Interval in Minutes 10 , Max Slots 10 )
[INFO ] 2025-02-22 18:15:42.528 [Main] AutoDriveEditor - Connecting to GitHub for update check
[INFO ] 2025-02-22 18:16:12.238 [Main] AutoDriveEditor - config loadFile: G:\FS25_Mods_&_MISC\AutoDrive_Course_Editor-master\AutoDrive_Course_Editor-master\Frankenmuth_Farming_Map\AutoDrive_config.xml
[INFO ] 2025-02-22 18:16:12.272 [Main] AutoDriveEditor - ----------------------------
[INFO ] 2025-02-22 18:16:12.272 [Main] AutoDriveEditor - loadGameXMLFile Parsing G:\FS25_Mods_&_MISC\AutoDrive_Course_Editor-master\AutoDrive_Course_Editor-master\Frankenmuth_Farming_Map\AutoDrive_config.xml
[INFO ] 2025-02-22 18:16:12.273 [Main] AutoDriveEditor - Config was saved by AutoDrive '3.0.0.4'
[INFO ] 2025-02-22 18:16:12.273 [Main] AutoDriveEditor - ----------------------------
[INFO ] 2025-02-22 18:16:12.273 [Main] AutoDriveEditor - XML Root element : AutoDrive
[INFO ] 2025-02-22 18:16:12.273 [Main] AutoDriveEditor - Current Element <waypoints>
[INFO ] 2025-02-22 18:16:12.275 [Main] AutoDriveEditor - ----------------------------
[INFO ] 2025-02-22 18:16:12.275 [Main] AutoDriveEditor - Parsed 13118 <id> Entries
[INFO ] 2025-02-22 18:16:12.275 [Main] AutoDriveEditor - ## Checking all <id> entries for the correct numeric sequence
[INFO ] 2025-02-22 18:16:12.276 [Main] AutoDriveEditor - ## Finished checking all ID's for the correct sequence
[INFO ] 2025-02-22 18:16:12.283 [Main] AutoDriveEditor - Parsed 13118 <x> Entries
[INFO ] 2025-02-22 18:16:12.283 [Main] AutoDriveEditor - Parsed 13118 <y> Entries
[INFO ] 2025-02-22 18:16:12.284 [Main] AutoDriveEditor - Parsed 13118 <z> Entries
[INFO ] 2025-02-22 18:16:12.284 [Main] AutoDriveEditor - Parsed 13118 <out> Entries
[INFO ] 2025-02-22 18:16:12.285 [Main] AutoDriveEditor - Parsed 13118 <in> Entries
[INFO ] 2025-02-22 18:16:12.286 [Main] AutoDriveEditor - Parsed 13118 <flags> Entries
[INFO ] 2025-02-22 18:16:12.286 [Main] AutoDriveEditor - ----------------------------
[INFO ] 2025-02-22 18:16:12.286 [Main] AutoDriveEditor - Creating 13118 MapNodes
[INFO ] 2025-02-22 18:16:12.380 [Main] AutoDriveEditor - Finished creating all map nodes
[INFO ] 2025-02-22 18:16:12.380 [Main] AutoDriveEditor - Creating all incoming/outgoing connections
[INFO ] 2025-02-22 18:16:12.394 [Main] AutoDriveEditor - Created 24287 outgoing connections
[INFO ] 2025-02-22 18:16:12.405 [Main] AutoDriveEditor - Created 24237 incoming connections
[INFO ] 2025-02-22 18:16:12.405 [Main] AutoDriveEditor - ----------------------------
[WARN ] 2025-02-22 18:16:12.407 [Main] AutoDriveEditor - Load Parking Destinations - vehicles.xml not found in G:\FS25_Mods_&_MISC\AutoDrive_Course_Editor-master\AutoDrive_Course_Editor-master\Frankenmuth_Farming_Map\vehicles.xml - exiting.
[INFO ] 2025-02-22 18:16:12.407 [Main] AutoDriveEditor - ---------------------------------
[INFO ] 2025-02-22 18:16:12.408 [Main] AutoDriveEditor - Starting Creation of 157 Markers
[INFO ] 2025-02-22 18:16:12.410 [Main] AutoDriveEditor - Finished creating all map markers
[INFO ] 2025-02-22 18:16:12.410 [Main] AutoDriveEditor - ---------------------------------
[INFO ] 2025-02-22 18:16:12.412 [Main] AutoDriveEditor - Config parsing completed.
[INFO ] 2025-02-22 18:16:12.412 [Main] AutoDriveEditor - -----------------------------------------
[INFO ] 2025-02-22 18:16:12.412 [Main] AutoDriveEditor - Loading MapImage..... 
[INFO ] 2025-02-22 18:16:12.412 [Main] AutoDriveEditor - .....
[INFO ] 2025-02-22 18:16:12.412 [Main] AutoDriveEditor - Checking known locations for Frankenmuth_Farming_Map.png
[INFO ] 2025-02-22 18:16:12.416 [Main] AutoDriveEditor - failed to find file at '/G:/FS25_Mods_&_MISC/CorseEditor/AutoDrive_Course_Editor/mapImages/Frankenmuth_Farming_Map/Frankenmuth_Farming_Map.png'
[INFO ] 2025-02-22 18:16:12.416 [Main] AutoDriveEditor - Looking in legacy locations
[INFO ] 2025-02-22 18:16:12.417 [Main] AutoDriveEditor - -->Failed to find file at /G:/FS25_Mods_&_MISC/CorseEditor/AutoDrive_Course_Editor/mapImages/Frankenmuth_Farming_Map.png
[INFO ] 2025-02-22 18:16:12.417 [Main] AutoDriveEditor - -->failed to find file at /G:/FS25_Mods_&_MISC/CorseEditor/AutoDrive_Course_Editor/src/main/resources/mapImages/Frankenmuth_Farming_Map.png
[INFO ] 2025-02-22 18:16:12.418 [Main] AutoDriveEditor - -->failed to find file at /G:/FS25_Mods_&_MISC/CorseEditor/AutoDrive_Course_Editor/Frankenmuth_Farming_Map.png
[INFO ] 2025-02-22 18:16:12.422 [Main] AutoDriveEditor - Checking GitHub repository for https://raw.githubusercontent.com/KillBait/AutoDrive_MapImages/master/mapImages/Frankenmuth_Farming_Map/Frankenmuth_Farming_Map.png
[INFO ] 2025-02-22 18:16:12.635 [Main] AutoDriveEditor - ## FileNotFoundException ## - Unable to download image
[INFO ] 2025-02-22 18:16:12.639 [Main] AutoDriveEditor - could not find map image on disk or online, using default background
[INFO ] 2025-02-22 18:16:12.733 [Main] AutoDriveEditor - MapPanel Image size 2048 x 2048
[INFO ] 2025-02-22 18:16:14.573 [Main] AutoDriveEditor - -----------------------------------------
[INFO ] 2025-02-22 18:16:14.573 [Main] AutoDriveEditor - Loading HeightMap..... 
[INFO ] 2025-02-22 18:16:14.575 [Main] AutoDriveEditor - Found file at G:\FS25_Mods_&_MISC\AutoDrive_Course_Editor-master\AutoDrive_Course_Editor-master\Frankenmuth_Farming_Map\terrain.heightmap.png
[INFO ] 2025-02-22 18:16:14.748 [Main] AutoDriveEditor - HeightMap size = 2049 x 2049
[INFO ] 2025-02-22 18:16:14.749 [Main] AutoDriveEditor - HeightMap Scale = 1.0
[INFO ] 2025-02-22 18:16:14.749 [Main] AutoDriveEditor - -----------------------------------------
[INFO ] 2025-02-22 18:16:14.749 [Main] AutoDriveEditor - No previous settings found for Map ( Frankenmuth_Farming_Map ), storing new map with initial settings of 1x map scale / node size of 2.0
[INFO ] 2025-02-22 18:16:14.754 [Main] AutoDriveEditor - Session UUID = a78fa051-6150-4ec4-972d-e2fe6f347284
[INFO ] 2025-02-22 18:16:14.756 [Main] AutoDriveEditor - Initializing new ChangeManager
[INFO ] 2025-02-22 18:16:14.760 [Main] AutoDriveEditor - Starting scan for overlapping nodes, search distance 0.1 meters
[INFO ] 2025-02-22 18:16:14.799 [Main] AutoDriveEditor - Network scan completed, Checked 13118 Roadmap nodes --- Found 0 nodes overlapping --- Time Taken 33.3ms
[INFO ] 2025-02-22 18:16:14.814 [Main] AutoDriveEditor - Adding (GAME_XML) G:\FS25_Mods_&_MISC\AutoDrive_Course_Editor-master\AutoDrive_Course_Editor-master\Frankenmuth_Farming_Map\AutoDrive_config.xml to recent files
[INFO ] 2025-02-22 18:16:19.878 [Main] AutoDriveEditor - Reading DDS File G:\FS25_Mods_&_MISC\AutoDrive_Course_Editor-master\AutoDrive_Course_Editor-master\Frankenmuth_Farming_Map\overview.dds
[INFO ] 2025-02-22 18:16:19.965 [Main] AutoDriveEditor - DDSReader - Decoding DXT1
[INFO ] 2025-02-22 18:16:20.107 [Main] AutoDriveEditor - DDSReader - Finished Decoding DDS
[INFO ] 2025-02-22 18:16:20.250 [Main] AutoDriveEditor - DDS Image size 4096 , 4096
[INFO ] 2025-02-22 18:16:20.250 [Main] AutoDriveEditor - Creating usable image from Decoded DDS
[INFO ] 2025-02-22 18:16:20.256 [Main] AutoDriveEditor - Scaling converted DDS Image to correct size..
[INFO ] 2025-02-22 18:16:20.258 [Main] AutoDriveEditor - Set PDA Image, required size 2048 x 2048
[INFO ] 2025-02-22 18:16:20.277 [Main] AutoDriveEditor - MapPanel Image size 2048 x 2048
[INFO ] 2025-02-22 18:16:20.289 [Main] AutoDriveEditor - Import of FS22 mapImage 'overview.dds' Successful
[INFO ] 2025-02-22 18:20:31.701 [Main] AutoDriveEditor - Stopping ConnectionDraw Thread
[INFO ] 2025-02-22 18:20:31.701 [Main] AutoDriveEditor - Stopping NodeDraw thread
[INFO ] 2025-02-22 18:20:31.701 [ConnectionDraw Thread] AutoDriveEditor - ConnectionDraw Thread exiting
[INFO ] 2025-02-22 18:20:31.701 [NodeDraw Thread] AutoDriveEditor - NodeDraw Thread exiting
[INFO ] 2025-02-22 18:20:31.701 [Main] AutoDriveEditor - AutoSave Timer Thread exiting
[INFO ] 2025-02-22 18:20:31.730 [Main] AutoDriveEditor - Completed saving Editor Config
